0 info it worked if it ends with ok
1 verbose cli [ '/usr/bin/node', '/usr/bin/npm', 'link' ]
2 info using npm@1.4.14
3 info using node@v0.10.29
4 verbose node symlink /usr/bin/node
5 verbose linkPkg /home/aissam/Programming/JS/nodecup
6 verbose link build target /usr/lib/node_modules/nodecup
7 verbose install where,what [ '/home/aissam/Programming/JS/nodecup', [] ]
8 verbose readDependencies using package.json deps
9 verbose install where, deps [ '/home/aissam/Programming/JS/nodecup',
9 verbose install   [ 'colors', 'moment', 'request' ] ]
10 info preinstall nodecup@0.0.8
11 verbose readDependencies using package.json deps
12 verbose already installed skipping request@^2.36.0 /home/aissam/Programming/JS/nodecup
13 verbose already installed skipping colors@^0.6.2 /home/aissam/Programming/JS/nodecup
14 verbose already installed skipping moment@^2.7.0 /home/aissam/Programming/JS/nodecup
15 silly resolved []
16 info build /home/aissam/Programming/JS/nodecup
17 verbose linkStuff [ false, false, false, '/home/aissam/Programming/JS' ]
18 info linkStuff nodecup@0.0.8
19 verbose linkBins nodecup@0.0.8
20 verbose linkMans nodecup@0.0.8
21 verbose rebuildBundles nodecup@0.0.8
22 verbose rebuildBundles [ 'colors', 'moment', 'request' ]
23 info install nodecup@0.0.8
24 info postinstall nodecup@0.0.8
25 info prepublish nodecup@0.0.8
26 info build /usr/lib/node_modules/nodecup
27 verbose linkStuff [ true, '/usr/lib/node_modules', true, '/usr/lib/node_modules' ]
28 info linkStuff nodecup@0.0.8
29 verbose linkBins nodecup@0.0.8
30 verbose link bins [ { nodecup: './app' }, '/usr/bin', true ]
31 verbose linkMans nodecup@0.0.8
32 error Error: ENOENT, chmod '/usr/lib/node_modules/nodecup/app'
33 error If you need help, you may report this *entire* log,
33 error including the npm and node versions, at:
33 error     <http://github.com/npm/npm/issues>
34 error System Linux 3.13.0-29-generic
35 error command "/usr/bin/node" "/usr/bin/npm" "link"
36 error cwd /home/aissam/Programming/JS/nodecup
37 error node -v v0.10.29
38 error npm -v 1.4.14
39 error path /usr/lib/node_modules/nodecup/app
40 error code ENOENT
41 error errno 34
42 verbose exit [ 34, true ]
